<?xml version="1.0" encoding="UTF-8"?>
<coverage generated="1777161522079" clover="3.2.0">
  <project timestamp="1777161522127" name="All files">
    <metrics statements="20" coveredstatements="18" conditionals="14" coveredconditionals="12" methods="5" coveredmethods="4" elements="39" coveredelements="34" complexity="0" loc="20" ncloc="20" packages="1" files="1" classes="1"/>
    <file name="app.js" path="D:\projets\SmartTax\app.js">
      <metrics statements="20" coveredstatements="18" conditionals="14" coveredconditionals="12" methods="5" coveredmethods="4"/>
      <line num="1" count="1" type="stmt"/>
      <line num="2" count="1" type="stmt"/>
      <line num="3" count="1" type="stmt"/>
      <line num="7" count="4" type="cond" truecount="2" falsecount="0"/>
      <line num="8" count="3" type="cond" truecount="1" falsecount="1"/>
      <line num="9" count="0" type="stmt"/>
      <line num="14" count="4" type="cond" truecount="2" falsecount="0"/>
      <line num="15" count="3" type="stmt"/>
      <line num="20" count="4" type="cond" truecount="4" falsecount="0"/>
      <line num="21" count="3" type="stmt"/>
      <line num="24" count="1" type="stmt"/>
      <line num="25" count="4" type="stmt"/>
      <line num="28" count="4" type="cond" truecount="2" falsecount="0"/>
      <line num="30" count="4" type="stmt"/>
      <line num="31" count="4" type="stmt"/>
      <line num="32" count="4" type="stmt"/>
      <line num="34" count="4" type="stmt"/>
      <line num="37" count="1" type="stmt"/>
      <line num="38" count="1" type="cond" truecount="1" falsecount="1"/>
      <line num="39" count="0" type="stmt"/>
    </file>
  </project>
</coverage>
