TN:
SF:app.js
FN:6,calculerTranche
FN:13,appliquerReductions
FN:19,calculerTaxeSociale
FN:24,(anonymous_3)
FN:39,(anonymous_4)
FNF:5
FNH:4
FNDA:4,calculerTranche
FNDA:4,appliquerReductions
FNDA:4,calculerTaxeSociale
FNDA:4,(anonymous_3)
FNDA:0,(anonymous_4)
DA:1,1
DA:2,1
DA:3,1
DA:7,4
DA:8,3
DA:9,0
DA:14,4
DA:15,3
DA:20,4
DA:21,3
DA:24,1
DA:25,4
DA:28,4
DA:30,4
DA:31,4
DA:32,4
DA:34,4
DA:37,1
DA:38,1
DA:39,0
LF:20
LH:18
BRDA:7,0,0,1
BRDA:7,0,1,3
BRDA:8,1,0,3
BRDA:8,1,1,0
BRDA:14,2,0,1
BRDA:14,2,1,3
BRDA:20,3,0,1
BRDA:20,3,1,3
BRDA:20,4,0,4
BRDA:20,4,1,1
BRDA:28,5,0,1
BRDA:28,5,1,3
BRDA:38,6,0,0
BRDA:38,6,1,1
BRF:14
BRH:12
end_of_record
